<?xml version="1.0" encoding="UTF-8"?>
<testsuite xmlns:xsi="http://www.w3.org/2001/XMLSchema-instance" xsi:noNamespaceSchemaLocation="https://maven.apache.org/surefire/maven-surefire-plugin/xsd/surefire-test-report-3.0.xsd" version="3.0" name="com.mcb.controller.GroupControllerTest" time="1.319" tests="3" errors="0" skipped="0" failures="0">
  <properties>
[...]
</properties>
  <testcase name="getAll" classname="com.mcb.controller.GroupControllerTest" time="0.322">
    <system-out><![CDATA[
  .   ____          _            __ _ _
 /\\ / ___'_ __ _ _(_)_ __  __ _ \ \ \ \
( ( )\___ | '_ | '_| | '_ \/ _` | \ \ \ \
 \\/  ___)| |_)| | | | | || (_| |  ) ) ) )
  '  |____| .__|_| |_|_| |_\__, | / / / /
 =========|_|==============|___/=/_/_/_/
 :: Spring Boot ::                (v3.1.2)

2023-07-30T22:02:50.541+02:00  INFO 3811 --- [           main] com.mcb.controller.GroupControllerTest   : Starting GroupControllerTest using Java 17.0.1 with PID 3811 (started by arafat in /Users/arafat/Desktop/Personal/Apps/Java/CallSignAssessmentWorkspace/Java17WS/MCB-Assessment-1)
2023-07-30T22:02:50.541+02:00  INFO 3811 --- [           main] com.mcb.controller.GroupControllerTest   : No active profile set, falling back to 1 default profile: "default"
2023-07-30T22:02:50.698+02:00  INFO 3811 --- [           main] .s.d.r.c.RepositoryConfigurationDelegate : Bootstrapping Spring Data JPA repositories in DEFAULT mode.
2023-07-30T22:02:50.712+02:00  INFO 3811 --- [           main] .s.d.r.c.RepositoryConfigurationDelegate : Finished Spring Data repository scanning in 13 ms. Found 7 JPA repository interfaces.
2023-07-30T22:02:50.778+02:00  INFO 3811 --- [           main] o.hibernate.jpa.internal.util.LogHelper  : HHH000204: Processing PersistenceUnitInfo [name: default]
2023-07-30T22:02:50.782+02:00  INFO 3811 --- [           main] o.h.b.i.BytecodeProviderInitiator        : HHH000021: Bytecode provider name : bytebuddy
2023-07-30T22:02:50.782+02:00  INFO 3811 --- [           main] o.s.o.j.p.SpringPersistenceUnitInfo      : No LoadTimeWeaver setup: ignoring JPA class transformer
2023-07-30T22:02:50.782+02:00  INFO 3811 --- [           main] com.zaxxer.hikari.HikariDataSource       : HikariPool-2 - Starting...
2023-07-30T22:02:50.783+02:00  INFO 3811 --- [           main] com.zaxxer.hikari.pool.HikariPool        : HikariPool-2 - Added connection conn10: url=jdbc:h2:mem:test_db user=ROOT
2023-07-30T22:02:50.784+02:00  INFO 3811 --- [           main] com.zaxxer.hikari.HikariDataSource       : HikariPool-2 - Start completed.
2023-07-30T22:02:50.802+02:00  INFO 3811 --- [           main] o.h.b.i.BytecodeProviderInitiator        : HHH000021: Bytecode provider name : bytebuddy
2023-07-30T22:02:50.875+02:00  INFO 3811 --- [           main] o.h.e.t.j.p.i.JtaPlatformInitiator       : HHH000490: Using JtaPlatform implementation: [org.hibernate.engine.transaction.jta.platform.internal.NoJtaPlatform]
2023-07-30T22:02:50.890+02:00  INFO 3811 --- [           main] j.LocalContainerEntityManagerFactoryBean : Initialized JPA EntityManagerFactory for persistence unit 'default'
2023-07-30T22:02:51.104+02:00  WARN 3811 --- [           main] JpaBaseConfiguration$JpaWebConfiguration : spring.jpa.open-in-view is enabled by default. Therefore, database queries may be performed during view rendering. Explicitly configure spring.jpa.open-in-view to disable this warning
2023-07-30T22:02:51.126+02:00  INFO 3811 --- [           main] o.s.s.web.DefaultSecurityFilterChain     : Will secure any request with [org.springframework.security.web.session.DisableEncodeUrlFilter@5a1216b0, org.springframework.security.web.context.request.async.WebAsyncManagerIntegrationFilter@5c4404dd, org.springframework.security.web.context.SecurityContextHolderFilter@7d5a3b06, org.springframework.security.web.header.HeaderWriterFilter@439acac0, org.springframework.security.web.authentication.logout.LogoutFilter@591be976, com.mcb.security.jwt.AuthTokenFilter@22a9fa23, org.springframework.security.web.savedrequest.RequestCacheAwareFilter@20b56542, org.springframework.security.web.servletapi.SecurityContextHolderAwareRequestFilter@35ec675e, org.springframework.security.web.authentication.AnonymousAuthenticationFilter@76a2db3f, org.springframework.security.web.session.SessionManagementFilter@6a8d638, org.springframework.security.web.access.ExceptionTranslationFilter@29ae939c, org.springframework.security.web.access.intercept.AuthorizationFilter@40f53ea]
2023-07-30T22:02:51.382+02:00  INFO 3811 --- [           main] o.s.b.t.m.w.SpringBootMockServletContext : Initializing Spring TestDispatcherServlet ''
2023-07-30T22:02:51.382+02:00  INFO 3811 --- [           main] o.s.t.web.servlet.TestDispatcherServlet  : Initializing Servlet ''
2023-07-30T22:02:51.383+02:00  INFO 3811 --- [           main] o.s.t.web.servlet.TestDispatcherServlet  : Completed initialization in 1 ms
2023-07-30T22:02:51.393+02:00  INFO 3811 --- [           main] com.mcb.controller.GroupControllerTest   : Started GroupControllerTest in 0.866 seconds (process running for 5.859)

MockHttpServletRequest:
      HTTP Method = GET
      Request URI = /api/group/groups
       Parameters = {}
          Headers = []
             Body = null
    Session Attrs = {}

Handler:
             Type = com.mcb.controllers.GroupController
           Method = com.mcb.controllers.GroupController#getAll()

Async:
    Async started = false
     Async result = null

Resolved Exception:
             Type = null

ModelAndView:
        View name = null
             View = null
            Model = null

FlashMap:
       Attributes = null

MockHttpServletResponse:
           Status = 200
    Error message = null
          Headers = [Vary:"Origin", "Access-Control-Request-Method", "Access-Control-Request-Headers", Content-Type:"application/json", X-Content-Type-Options:"nosniff", X-XSS-Protection:"0", Cache-Control:"no-cache, no-store, max-age=0, must-revalidate", Pragma:"no-cache", Expires:"0", X-Frame-Options:"DENY"]
     Content type = application/json
             Body = [{"id":1,"name":"g1","teachers":[],"students":[]},{"id":2,"name":"g2","teachers":[],"students":[]}]
    Forwarded URL = null
   Redirected URL = null
          Cookies = []
]]></system-out>
  </testcase>
  <testcase name="getById" classname="com.mcb.controller.GroupControllerTest" time="0.024">
    <system-out><![CDATA[
MockHttpServletRequest:
      HTTP Method = GET
      Request URI = /api/group/1
       Parameters = {}
          Headers = []
             Body = null
    Session Attrs = {}

Handler:
             Type = com.mcb.controllers.GroupController
           Method = com.mcb.controllers.GroupController#getById(Long)

Async:
    Async started = false
     Async result = null

Resolved Exception:
             Type = null

ModelAndView:
        View name = null
             View = null
            Model = null

FlashMap:
       Attributes = null

MockHttpServletResponse:
           Status = 200
    Error message = null
          Headers = [Vary:"Origin", "Access-Control-Request-Method", "Access-Control-Request-Headers", Content-Type:"application/json", X-Content-Type-Options:"nosniff", X-XSS-Protection:"0", Cache-Control:"no-cache, no-store, max-age=0, must-revalidate", Pragma:"no-cache", Expires:"0", X-Frame-Options:"DENY"]
     Content type = application/json
             Body = {"id":1,"name":"g1","teachers":[],"students":[]}
    Forwarded URL = null
   Redirected URL = null
          Cookies = []
]]></system-out>
  </testcase>
  <testcase name="test_created_group" classname="com.mcb.controller.GroupControllerTest" time="0.093"/>
</testsuite>